<?xml version="1.0" encoding="UTF-8"?>
<!-- Generated by org.testng.reporters.JUnitReportReporter -->
<testsuite hostname="LAPTOP-N1KMP2C8" failures="0" tests="3" name="TestNG.DataProviderUsingExcel" time="43.020" errors="0" timestamp="2025-06-08T11:43:10 IST" skipped="0">
  <testcase classname="TestNG.DataProviderUsingExcel" name="getPriceOfProd" time="11.312"/>
  <testcase classname="TestNG.DataProviderUsingExcel" name="getPriceOfProd" time="10.497"/>
  <testcase classname="TestNG.DataProviderUsingExcel" name="getPriceOfProd" time="21.211"/>
</testsuite> <!-- TestNG.DataProviderUsingExcel -->
