<?xml version="1.0" encoding="UTF-8"?>
<!-- Generated by org.testng.reporters.JUnitReportReporter -->
<testsuite hostname="LAPTOP-N1KMP2C8" failures="0" tests="3" name="TestNG.HelperAttribute_DependsOnMethods" time="0.013" errors="0" timestamp="2025-06-07T11:04:33 IST" skipped="0">
  <testcase classname="TestNG.HelperAttribute_DependsOnMethods" name="EditAccount" time="0.001">
    <system-out>
      <![CDATA[Account edited successfully]]>
    </system-out>
  </testcase> <!-- EditAccount -->
  <testcase classname="TestNG.HelperAttribute_DependsOnMethods" name="createAccount" time="0.012">
    <system-out>
      <![CDATA[Account created successfully]]>
    </system-out>
  </testcase> <!-- createAccount -->
  <testcase classname="TestNG.HelperAttribute_DependsOnMethods" name="DeleteAccount" time="0.000">
    <system-out>
      <![CDATA[Account deleted successfully]]>
    </system-out>
  </testcase> <!-- DeleteAccount -->
  <system-out>
    <![CDATA[Account created successfully
Account deleted successfully
Account edited successfully]]>
  </system-out>
</testsuite> <!-- TestNG.HelperAttribute_DependsOnMethods -->
