<?xml version="1.0" encoding="UTF-8"?>
<!-- Generated by org.testng.reporters.JUnitReportReporter -->
<testsuite hostname="LAPTOP-N1KMP2C8" failures="0" tests="7" name="TestNG.HelperAttribute_Priority" time="0.014" errors="0" timestamp="2025-06-07T09:25:28 IST" skipped="0">
  <testcase classname="TestNG.HelperAttribute_Priority" name="Flipkart" time="0.006">
    <system-out>
      <![CDATA[Flipkart executed]]>
    </system-out>
  </testcase> <!-- Flipkart -->
  <testcase classname="TestNG.HelperAttribute_Priority" name="Blinkit" time="0.001">
    <system-out>
      <![CDATA[Blinkit executed]]>
    </system-out>
  </testcase> <!-- Blinkit -->
  <testcase classname="TestNG.HelperAttribute_Priority" name="Myntra" time="0.002">
    <system-out>
      <![CDATA[Myntra executed]]>
    </system-out>
  </testcase> <!-- Myntra -->
  <testcase classname="TestNG.HelperAttribute_Priority" name="Nyka" time="0.001">
    <system-out>
      <![CDATA[Nyka executed]]>
    </system-out>
  </testcase> <!-- Nyka -->
  <testcase classname="TestNG.HelperAttribute_Priority" name="Ajio" time="0.002">
    <system-out>
      <![CDATA[Ajio executed]]>
    </system-out>
  </testcase> <!-- Ajio -->
  <testcase classname="TestNG.HelperAttribute_Priority" name="Amazon" time="0.001">
    <system-out>
      <![CDATA[Amazon executed]]>
    </system-out>
  </testcase> <!-- Amazon -->
  <testcase classname="TestNG.HelperAttribute_Priority" name="Ebay" time="0.001">
    <system-out>
      <![CDATA[Ebay executed]]>
    </system-out>
  </testcase> <!-- Ebay -->
  <system-out>
    <![CDATA[Flipkart executed
Blinkit executed
Myntra executed
Nyka executed
Ajio executed
Amazon executed
Ebay executed]]>
  </system-out>
</testsuite> <!-- TestNG.HelperAttribute_Priority -->
