<?xml version="1.0" encoding="UTF-8"?>
<!-- Generated by org.testng.reporters.JUnitReportReporter -->
<testsuite hostname="LAPTOP-N1KMP2C8" failures="0" tests="5" name="TestNG.ToReadDataFromDataProvider" time="0.008" errors="0" timestamp="2025-06-08T09:21:23 IST" skipped="0">
  <testcase classname="TestNG.ToReadDataFromDataProvider" name="studentDetails" time="0.001"/>
  <testcase classname="TestNG.ToReadDataFromDataProvider" name="studentDetails" time="0.001"/>
  <testcase classname="TestNG.ToReadDataFromDataProvider" name="studentDetails" time="0.005"/>
  <testcase classname="TestNG.ToReadDataFromDataProvider" name="studentDetails" time="0.000"/>
  <testcase classname="TestNG.ToReadDataFromDataProvider" name="studentDetails" time="0.001"/>
</testsuite> <!-- TestNG.ToReadDataFromDataProvider -->
