<?xml version="1.0" encoding="UTF-8"?>
<!-- Generated by org.testng.reporters.JUnitReportReporter -->
<testsuite hostname="LAPTOP-N1KMP2C8" failures="0" tests="1" name="ObjRepository.CreateCampaignwithdate" time="8.496" errors="0" timestamp="2025-06-15T11:11:23 IST" skipped="0">
  <testcase classname="ObjRepository.CreateCampaignwithdate" name="createCampwithDateTest" time="8.496"/>
  <system-out>
    <![CDATA[Establish the DB connectivity
Pre-condition
Launching the browser
Logged in to NCRM
Logged out successfully
Browser closed
Launching the browser
Logged in to NCRM
Logged out successfully
Browser closed
Launching the browser
Logged in to NCRM
Logged out successfully
Browser closed
Launching the browser
Logged in to NCRM
Logged out successfully
Browser closed
Post-condition
Disconnect DB]]>
  </system-out>
</testsuite> <!-- ObjRepository.CreateCampaignwithdate -->
