<?xml version="1.0" encoding="UTF-8"?>
<!-- Generated by org.testng.reporters.JUnitReportReporter -->
<testsuite hostname="LAPTOP-N1KMP2C8" failures="0" tests="1" name="ObjRepository.CreateCampaignWithDateTest" time="12.233" errors="0" timestamp="2025-06-28T10:06:29 IST" skipped="0">
  <testcase classname="ObjRepository.CreateCampaignWithDateTest" name="createCampwithDateTest" time="12.233">
    <system-out>
      <![CDATA[========createCampwithDateTest==STARTED==
========createCampwithDateTest==SUCCESS==]]>
    </system-out>
  </testcase> <!-- createCampwithDateTest -->
  <system-out>
    <![CDATA[Report Configuration
Report Configuration
Establish the DB connectivity
Pre-condition
Launching the browser
Logged in to NCRM
========CreateCpgnTest==STARTED==
========CreateCpgnTest==FAILED==
Logged out successfully
Browser closed
Launching the browser
Logged in to NCRM
========createCampwithDateTest==STARTED==
========createCampwithDateTest==SUCCESS==
Logged out successfully
Browser closed
Launching the browser
Logged in to NCRM
========createLeadWithCpgnTest==STARTED==
========createLeadWithCpgnTest==FAILED==
Logged out successfully
Browser closed
Launching the browser
Logged in to NCRM
========createProductTest==STARTED==
========createProductTest==SUCCESS==
Logged out successfully
Browser closed
Post-condition
Disconnect DB]]>
  </system-out>
</testsuite> <!-- ObjRepository.CreateCampaignWithDateTest -->
