<?xml version="1.0" encoding="UTF-8"?>
<!-- Generated by org.testng.reporters.JUnitReportReporter -->
<testsuite hostname="LAPTOP-N1KMP2C8" failures="0" tests="5" name="TestNG.HelperAttribute_Enabled" time="0.009" errors="0" timestamp="2025-06-07T10:48:14 IST" skipped="3">
  <testcase classname="TestNG.HelperAttribute_Enabled" name="Flipkart" time="0.008">
    <system-out>
      <![CDATA[Flipkart executed]]>
    </system-out>
  </testcase> <!-- Flipkart -->
  <testcase classname="TestNG.HelperAttribute_Enabled" name="Amazon" time="0.001">
    <system-out>
      <![CDATA[Amazon executed]]>
    </system-out>
  </testcase> <!-- Amazon -->
  <testcase classname="TestNG.HelperAttribute_Enabled" name="Ebay">
    <skipped/>
  </testcase> <!-- Ebay -->
  <testcase classname="TestNG.HelperAttribute_Enabled" name="Myntra">
    <skipped/>
  </testcase> <!-- Myntra -->
  <testcase classname="TestNG.HelperAttribute_Enabled" name="Blinkit">
    <skipped/>
  </testcase> <!-- Blinkit -->
  <system-out>
    <![CDATA[Flipkart executed
Amazon executed]]>
  </system-out>
</testsuite> <!-- TestNG.HelperAttribute_Enabled -->
