<?xml version="1.0" encoding="UTF-8"?>
<!-- Generated by org.testng.reporters.JUnitReportReporter -->
<testsuite hostname="LAPTOP-N1KMP2C8" failures="0" tests="4" name="TestNG.HelperAttribute_ThreadPoolSize" time="39.184" errors="0" timestamp="2025-06-07T10:37:57 IST" skipped="0">
  <testcase classname="TestNG.HelperAttribute_ThreadPoolSize" name="login" time="9.357">
    <system-out>
      <![CDATA[Successfully navigated to Instagram]]>
    </system-out>
  </testcase> <!-- login -->
  <testcase classname="TestNG.HelperAttribute_ThreadPoolSize" name="login" time="10.393">
    <system-out>
      <![CDATA[Successfully navigated to Instagram]]>
    </system-out>
  </testcase> <!-- login -->
  <testcase classname="TestNG.HelperAttribute_ThreadPoolSize" name="login" time="9.400">
    <system-out>
      <![CDATA[Successfully navigated to Instagram]]>
    </system-out>
  </testcase> <!-- login -->
  <testcase classname="TestNG.HelperAttribute_ThreadPoolSize" name="login" time="10.034">
    <system-out>
      <![CDATA[Successfully navigated to Instagram]]>
    </system-out>
  </testcase> <!-- login -->
  <system-out>
    <![CDATA[Successfully navigated to Instagram
Successfully navigated to Instagram
Successfully navigated to Instagram
Successfully navigated to Instagram]]>
  </system-out>
</testsuite> <!-- TestNG.HelperAttribute_ThreadPoolSize -->
